[debug] [2018-03-07T06:22:27.572Z] ----------------------------------------------------------------------
[debug] [2018-03-07T06:22:27.575Z] Command:       C:\Program Files\nodejs\node.exe C:\Users\HECTOR\AppData\Roaming\npm\node_modules\firebase-tools\bin\firebase deploy
[debug] [2018-03-07T06:22:27.575Z] CLI Version:   3.17.4
[debug] [2018-03-07T06:22:27.575Z] Platform:      win32
[debug] [2018-03-07T06:22:27.575Z] Node Version:  v6.11.4
[debug] [2018-03-07T06:22:27.576Z] Time:          Wed Mar 07 2018 14:22:27 GMT+0800 (Taipei Standard Time)
[debug] [2018-03-07T06:22:27.576Z] ----------------------------------------------------------------------
[debug] 
[debug] [2018-03-07T06:22:27.591Z] > command requires scopes: ["email","openid","https://www.googleapis.com/auth/cloudplatformprojects.readonly","https://www.googleapis.com/auth/firebase","https://www.googleapis.com/auth/cloud-platform"]
[debug] [2018-03-07T06:22:27.591Z] > authorizing via signed-in user
[debug] [2018-03-07T06:22:27.594Z] > refreshing access token with scopes: ["email","https://www.googleapis.com/auth/cloud-platform","https://www.googleapis.com/auth/cloudplatformprojects.readonly","https://www.googleapis.com/auth/firebase","openid"]
[debug] [2018-03-07T06:22:27.594Z] >>> HTTP REQUEST POST https://www.googleapis.com/oauth2/v3/token  
 { refresh_token: '1/KX2PJQ7NDF64rQ6X0uETN30zCEsPedmBqp8Yh6HgK2M',
  client_id: '563584335869-fgrhgmd47bqnekij5i8b5pr03ho849e6.apps.googleusercontent.com',
  client_secret: 'j9iVZfS8kkCEFUPaAeJV0sAi',
  grant_type: 'refresh_token',
  scope: 'email https://www.googleapis.com/auth/cloud-platform https://www.googleapis.com/auth/cloudplatformprojects.readonly https://www.googleapis.com/auth/firebase openid' } 
 Wed Mar 07 2018 14:22:27 GMT+0800 (Taipei Standard Time)
[debug] [2018-03-07T06:22:27.849Z] <<< HTTP RESPONSE 200
[debug] [2018-03-07T06:22:27.859Z] >>> HTTP REQUEST GET https://admin.firebase.com/v1/projects/hpmg-56df3  
  
 Wed Mar 07 2018 14:22:27 GMT+0800 (Taipei Standard Time)
[debug] [2018-03-07T06:22:28.855Z] <<< HTTP RESPONSE 200
[debug] [2018-03-07T06:22:28.856Z] >>> HTTP REQUEST GET https://admin.firebase.com/v1/database/hpmg-56df3/tokens  
  
 Wed Mar 07 2018 14:22:28 GMT+0800 (Taipei Standard Time)
[debug] [2018-03-07T06:22:29.850Z] <<< HTTP RESPONSE 200
[info] 
[info] === Deploying to 'hpmg-56df3'...
[info] 
[info] i  deploying functions
[debug] [2018-03-07T06:22:31.036Z] > [functions] package.json contents: {
  "name": "functions",
  "description": "Cloud Functions for Firebase",
  "scripts": {
    "serve": "firebase serve --only functions",
    "shell": "firebase experimental:functions:shell",
    "start": "npm run shell",
    "deploy": "firebase deploy --only functions",
    "logs": "firebase functions:log"
  },
  "dependencies": {
    "firebase-admin": "~5.8.1",
    "firebase-functions": "^0.8.1"
  },
  "private": true
}
[info] i  functions: ensuring necessary APIs are enabled...
[debug] [2018-03-07T06:22:31.042Z] >>> HTTP REQUEST GET https://servicemanagement.googleapis.com/v1/services/cloudfunctions.googleapis.com/projectSettings/hpmg-56df3?view=CONSUMER_VIEW  
  
 Wed Mar 07 2018 14:22:31 GMT+0800 (Taipei Standard Time)
[debug] [2018-03-07T06:22:31.044Z] >>> HTTP REQUEST GET https://servicemanagement.googleapis.com/v1/services/runtimeconfig.googleapis.com/projectSettings/hpmg-56df3?view=CONSUMER_VIEW  
  
 Wed Mar 07 2018 14:22:31 GMT+0800 (Taipei Standard Time)
[debug] [2018-03-07T06:22:32.879Z] <<< HTTP RESPONSE 200
[info] +  functions: all necessary APIs are enabled
[debug] [2018-03-07T06:22:33.009Z] <<< HTTP RESPONSE 200
[debug] [2018-03-07T06:22:33.011Z] >>> HTTP REQUEST GET https://appengine.googleapis.com/v1/apps/hpmg-56df3  
  
 Wed Mar 07 2018 14:22:33 GMT+0800 (Taipei Standard Time)
[debug] [2018-03-07T06:22:33.012Z] >>> HTTP REQUEST GET https://apikeys.googleapis.com/v1/projects/hpmg-56df3/apiKeys  
  
 Wed Mar 07 2018 14:22:33 GMT+0800 (Taipei Standard Time)
[debug] [2018-03-07T06:22:34.424Z] <<< HTTP RESPONSE 200
[debug] [2018-03-07T06:22:34.489Z] <<< HTTP RESPONSE 200
[info] i  functions: preparing functions directory for uploading...
[debug] [2018-03-07T06:22:34.494Z] >>> HTTP REQUEST GET https://runtimeconfig.googleapis.com/v1beta1/projects/hpmg-56df3/configs  
  
 Wed Mar 07 2018 14:22:34 GMT+0800 (Taipei Standard Time)
[debug] [2018-03-07T06:22:35.177Z] <<< HTTP RESPONSE 200
[info] i  functions: packaged functions (37.93 KB) for uploading
[debug] [2018-03-07T06:22:38.255Z] >>> HTTP REQUEST GET https://www.googleapis.com/storage/v1/b/staging.hpmg-56df3.appspot.com  
  
 Wed Mar 07 2018 14:22:38 GMT+0800 (Taipei Standard Time)
[debug] [2018-03-07T06:22:38.570Z] <<< HTTP RESPONSE 200
[debug] [2018-03-07T06:22:38.571Z] >>> HTTP REQUEST POST https://www.googleapis.com/upload/storage/v1/b/staging.hpmg-56df3.appspot.com/o?uploadType=media&name=firebase-functions-source  
 ReadStream {
  _readableState: 
   ReadableState {
     objectMode: false,
     highWaterMark: 65536,
     buffer: BufferList { head: [Object], tail: [Object], length: 1 },
     length: 38839,
     pipes: null,
     pipesCount: 0,
     flowing: null,
     ended: true,
     endEmitted: false,
     reading: false,
     sync: false,
     needReadable: false,
     emittedReadable: true,
     readableListening: false,
     resumeScheduled: false,
     defaultEncoding: 'utf8',
     ranOut: false,
     awaitDrain: 0,
     readingMore: false,
     decoder: null,
     encoding: null },
  readable: true,
  domain: null,
  _events: { end: [Function] },
  _eventsCount: 1,
  _maxListeners: undefined,
  path: 'C:\\Users\\HECTOR\\AppData\\Local\\Temp\\firebase-functions-10420NyI0R4FWPL6x.zip',
  fd: 5,
  flags: 'r',
  mode: 438,
  start: undefined,
  end: undefined,
  autoClose: true,
  pos: undefined,
  bytesRead: 38839 } 
 Wed Mar 07 2018 14:22:38 GMT+0800 (Taipei Standard Time)
[debug] [2018-03-07T06:22:39.187Z] <<< HTTP RESPONSE 200
[info] +  functions: functions folder uploaded successfully
[debug] [2018-03-07T06:22:39.190Z] >>> HTTP REQUEST GET https://cloudfunctions.googleapis.com/v1/projects/hpmg-56df3/locations/us-central1/functions  
  
 Wed Mar 07 2018 14:22:39 GMT+0800 (Taipei Standard Time)
[debug] [2018-03-07T06:22:39.769Z] <<< HTTP RESPONSE 200
[info] i  functions: updating function fiveminuteReset...
[debug] [2018-03-07T06:22:39.772Z] Trigger is:  {"httpsTrigger":{}}
[info] i  functions: updating function reservationReports...
[debug] [2018-03-07T06:22:39.773Z] Trigger is:  {"eventTrigger":{"resource":"projects/_/instances/hpmg-56df3/refs/lots/{uid}","eventType":"providers/google.firebase.database/eventTypes/ref.write"}}
[info] i  functions: updating function forUpdateToOverall...
[debug] [2018-03-07T06:22:39.773Z] Trigger is:  {"httpsTrigger":{}}
[info] i  functions: updating function getDailyRunningTotal_LawnLots...
[debug] [2018-03-07T06:22:39.774Z] Trigger is:  {"httpsTrigger":{}}
[info] i  functions: updating function getDailyRunningTotal_WallNiche...
[debug] [2018-03-07T06:22:39.775Z] Trigger is:  {"httpsTrigger":{}}
[info] i  functions: updating function getDailyRunningTotal_BoneChamber...
[debug] [2018-03-07T06:22:39.776Z] Trigger is:  {"httpsTrigger":{}}
[info] i  functions: updating function getDailyRunningTotal_Cinerarium...
[debug] [2018-03-07T06:22:39.776Z] Trigger is:  {"httpsTrigger":{}}
[info] i  functions: updating function getDailyRunningTotal_GardenLot...
[debug] [2018-03-07T06:22:39.777Z] Trigger is:  {"httpsTrigger":{}}
[info] i  functions: updating function getDailyRunningTotal_FamilyLot...
[debug] [2018-03-07T06:22:39.779Z] Trigger is:  {"httpsTrigger":{}}
[info] i  functions: updating function getDailyRunningTotal_Totals...
[debug] [2018-03-07T06:22:39.780Z] Trigger is:  {"httpsTrigger":{}}
[info] i  functions: updating function dataCatchupLotTypeStatusInventoriable...
[debug] [2018-03-07T06:22:39.782Z] Trigger is:  {"httpsTrigger":{}}
[info] i  functions: updating function countLotInventoriable...
[debug] [2018-03-07T06:22:39.783Z] Trigger is:  {"httpsTrigger":{}}
[info] i  functions: updating function countLotAll...
[debug] [2018-03-07T06:22:39.784Z] Trigger is:  {"httpsTrigger":{}}
[info] i  functions: updating function countLotAllLotTypeStatusInventoriable...
[debug] [2018-03-07T06:22:39.785Z] Trigger is:  {"httpsTrigger":{}}
[info] i  functions: updating function reportCatchupNov1Nov30...
[debug] [2018-03-07T06:22:39.786Z] Trigger is:  {"httpsTrigger":{}}
[info] i  functions: updating function reportCatchupDec1Dec31...
[debug] [2018-03-07T06:22:39.787Z] Trigger is:  {"httpsTrigger":{}}
[info] i  functions: updating function reportCatchupJan1Jan31...
[debug] [2018-03-07T06:22:39.788Z] Trigger is:  {"httpsTrigger":{}}
[info] i  functions: updating function reportCatchupFeb1Feb28...
[debug] [2018-03-07T06:22:39.788Z] Trigger is:  {"httpsTrigger":{}}
[info] i  functions: updating function reservationReportsReset...
[debug] [2018-03-07T06:22:39.789Z] Trigger is:  {"httpsTrigger":{}}
[debug] [2018-03-07T06:22:39.801Z] >>> HTTP REQUEST PATCH https://cloudfunctions.googleapis.com/v1/projects/hpmg-56df3/locations/us-central1/functions/fiveminuteReset 
query params: {"updateMask":"sourceArchiveUrl,name,labels,httpsTrigger"} 
 { sourceArchiveUrl: 'gs://staging.hpmg-56df3.appspot.com/firebase-functions-source',
  name: 'projects/hpmg-56df3/locations/us-central1/functions/fiveminuteReset',
  labels: { 'deployment-tool': 'cli-firebase' },
  httpsTrigger: {} } 
 Wed Mar 07 2018 14:22:39 GMT+0800 (Taipei Standard Time)
[debug] [2018-03-07T06:22:39.803Z] >>> HTTP REQUEST PATCH https://cloudfunctions.googleapis.com/v1/projects/hpmg-56df3/locations/us-central1/functions/reservationReports 
query params: {"updateMask":"sourceArchiveUrl,name,labels,eventTrigger.resource,eventTrigger.eventType"} 
 { sourceArchiveUrl: 'gs://staging.hpmg-56df3.appspot.com/firebase-functions-source',
  name: 'projects/hpmg-56df3/locations/us-central1/functions/reservationReports',
  labels: { 'deployment-tool': 'cli-firebase' },
  eventTrigger: 
   { resource: 'projects/_/instances/hpmg-56df3/refs/lots/{uid}',
     eventType: 'providers/google.firebase.database/eventTypes/ref.write' } } 
 Wed Mar 07 2018 14:22:39 GMT+0800 (Taipei Standard Time)
[debug] [2018-03-07T06:22:39.805Z] >>> HTTP REQUEST PATCH https://cloudfunctions.googleapis.com/v1/projects/hpmg-56df3/locations/us-central1/functions/forUpdateToOverall 
query params: {"updateMask":"sourceArchiveUrl,name,labels,httpsTrigger"} 
 { sourceArchiveUrl: 'gs://staging.hpmg-56df3.appspot.com/firebase-functions-source',
  name: 'projects/hpmg-56df3/locations/us-central1/functions/forUpdateToOverall',
  labels: { 'deployment-tool': 'cli-firebase' },
  httpsTrigger: {} } 
 Wed Mar 07 2018 14:22:39 GMT+0800 (Taipei Standard Time)
[debug] [2018-03-07T06:22:39.806Z] >>> HTTP REQUEST PATCH https://cloudfunctions.googleapis.com/v1/projects/hpmg-56df3/locations/us-central1/functions/getDailyRunningTotal_LawnLots 
query params: {"updateMask":"sourceArchiveUrl,name,labels,httpsTrigger"} 
 { sourceArchiveUrl: 'gs://staging.hpmg-56df3.appspot.com/firebase-functions-source',
  name: 'projects/hpmg-56df3/locations/us-central1/functions/getDailyRunningTotal_LawnLots',
  labels: { 'deployment-tool': 'cli-firebase' },
  httpsTrigger: {} } 
 Wed Mar 07 2018 14:22:39 GMT+0800 (Taipei Standard Time)
[debug] [2018-03-07T06:22:39.810Z] >>> HTTP REQUEST PATCH https://cloudfunctions.googleapis.com/v1/projects/hpmg-56df3/locations/us-central1/functions/getDailyRunningTotal_WallNiche 
query params: {"updateMask":"sourceArchiveUrl,name,labels,httpsTrigger"} 
 { sourceArchiveUrl: 'gs://staging.hpmg-56df3.appspot.com/firebase-functions-source',
  name: 'projects/hpmg-56df3/locations/us-central1/functions/getDailyRunningTotal_WallNiche',
  labels: { 'deployment-tool': 'cli-firebase' },
  httpsTrigger: {} } 
 Wed Mar 07 2018 14:22:39 GMT+0800 (Taipei Standard Time)
[debug] [2018-03-07T06:22:39.813Z] >>> HTTP REQUEST PATCH https://cloudfunctions.googleapis.com/v1/projects/hpmg-56df3/locations/us-central1/functions/getDailyRunningTotal_BoneChamber 
query params: {"updateMask":"sourceArchiveUrl,name,labels,httpsTrigger"} 
 { sourceArchiveUrl: 'gs://staging.hpmg-56df3.appspot.com/firebase-functions-source',
  name: 'projects/hpmg-56df3/locations/us-central1/functions/getDailyRunningTotal_BoneChamber',
  labels: { 'deployment-tool': 'cli-firebase' },
  httpsTrigger: {} } 
 Wed Mar 07 2018 14:22:39 GMT+0800 (Taipei Standard Time)
[debug] [2018-03-07T06:22:39.814Z] >>> HTTP REQUEST PATCH https://cloudfunctions.googleapis.com/v1/projects/hpmg-56df3/locations/us-central1/functions/getDailyRunningTotal_Cinerarium 
query params: {"updateMask":"sourceArchiveUrl,name,labels,httpsTrigger"} 
 { sourceArchiveUrl: 'gs://staging.hpmg-56df3.appspot.com/firebase-functions-source',
  name: 'projects/hpmg-56df3/locations/us-central1/functions/getDailyRunningTotal_Cinerarium',
  labels: { 'deployment-tool': 'cli-firebase' },
  httpsTrigger: {} } 
 Wed Mar 07 2018 14:22:39 GMT+0800 (Taipei Standard Time)
[debug] [2018-03-07T06:22:39.824Z] >>> HTTP REQUEST PATCH https://cloudfunctions.googleapis.com/v1/projects/hpmg-56df3/locations/us-central1/functions/getDailyRunningTotal_GardenLot 
query params: {"updateMask":"sourceArchiveUrl,name,labels,httpsTrigger"} 
 { sourceArchiveUrl: 'gs://staging.hpmg-56df3.appspot.com/firebase-functions-source',
  name: 'projects/hpmg-56df3/locations/us-central1/functions/getDailyRunningTotal_GardenLot',
  labels: { 'deployment-tool': 'cli-firebase' },
  httpsTrigger: {} } 
 Wed Mar 07 2018 14:22:39 GMT+0800 (Taipei Standard Time)
[debug] [2018-03-07T06:22:39.825Z] >>> HTTP REQUEST PATCH https://cloudfunctions.googleapis.com/v1/projects/hpmg-56df3/locations/us-central1/functions/getDailyRunningTotal_FamilyLot 
query params: {"updateMask":"sourceArchiveUrl,name,labels,httpsTrigger"} 
 { sourceArchiveUrl: 'gs://staging.hpmg-56df3.appspot.com/firebase-functions-source',
  name: 'projects/hpmg-56df3/locations/us-central1/functions/getDailyRunningTotal_FamilyLot',
  labels: { 'deployment-tool': 'cli-firebase' },
  httpsTrigger: {} } 
 Wed Mar 07 2018 14:22:39 GMT+0800 (Taipei Standard Time)
[debug] [2018-03-07T06:22:39.825Z] >>> HTTP REQUEST PATCH https://cloudfunctions.googleapis.com/v1/projects/hpmg-56df3/locations/us-central1/functions/getDailyRunningTotal_Totals 
query params: {"updateMask":"sourceArchiveUrl,name,labels,httpsTrigger"} 
 { sourceArchiveUrl: 'gs://staging.hpmg-56df3.appspot.com/firebase-functions-source',
  name: 'projects/hpmg-56df3/locations/us-central1/functions/getDailyRunningTotal_Totals',
  labels: { 'deployment-tool': 'cli-firebase' },
  httpsTrigger: {} } 
 Wed Mar 07 2018 14:22:39 GMT+0800 (Taipei Standard Time)
[debug] [2018-03-07T06:22:39.834Z] >>> HTTP REQUEST PATCH https://cloudfunctions.googleapis.com/v1/projects/hpmg-56df3/locations/us-central1/functions/dataCatchupLotTypeStatusInventoriable 
query params: {"updateMask":"sourceArchiveUrl,name,labels,httpsTrigger"} 
 { sourceArchiveUrl: 'gs://staging.hpmg-56df3.appspot.com/firebase-functions-source',
  name: 'projects/hpmg-56df3/locations/us-central1/functions/dataCatchupLotTypeStatusInventoriable',
  labels: { 'deployment-tool': 'cli-firebase' },
  httpsTrigger: {} } 
 Wed Mar 07 2018 14:22:39 GMT+0800 (Taipei Standard Time)
[debug] [2018-03-07T06:22:39.834Z] >>> HTTP REQUEST PATCH https://cloudfunctions.googleapis.com/v1/projects/hpmg-56df3/locations/us-central1/functions/countLotInventoriable 
query params: {"updateMask":"sourceArchiveUrl,name,labels,httpsTrigger"} 
 { sourceArchiveUrl: 'gs://staging.hpmg-56df3.appspot.com/firebase-functions-source',
  name: 'projects/hpmg-56df3/locations/us-central1/functions/countLotInventoriable',
  labels: { 'deployment-tool': 'cli-firebase' },
  httpsTrigger: {} } 
 Wed Mar 07 2018 14:22:39 GMT+0800 (Taipei Standard Time)
[debug] [2018-03-07T06:22:39.836Z] >>> HTTP REQUEST PATCH https://cloudfunctions.googleapis.com/v1/projects/hpmg-56df3/locations/us-central1/functions/countLotAll 
query params: {"updateMask":"sourceArchiveUrl,name,labels,httpsTrigger"} 
 { sourceArchiveUrl: 'gs://staging.hpmg-56df3.appspot.com/firebase-functions-source',
  name: 'projects/hpmg-56df3/locations/us-central1/functions/countLotAll',
  labels: { 'deployment-tool': 'cli-firebase' },
  httpsTrigger: {} } 
 Wed Mar 07 2018 14:22:39 GMT+0800 (Taipei Standard Time)
[debug] [2018-03-07T06:22:39.837Z] >>> HTTP REQUEST PATCH https://cloudfunctions.googleapis.com/v1/projects/hpmg-56df3/locations/us-central1/functions/countLotAllLotTypeStatusInventoriable 
query params: {"updateMask":"sourceArchiveUrl,name,labels,httpsTrigger"} 
 { sourceArchiveUrl: 'gs://staging.hpmg-56df3.appspot.com/firebase-functions-source',
  name: 'projects/hpmg-56df3/locations/us-central1/functions/countLotAllLotTypeStatusInventoriable',
  labels: { 'deployment-tool': 'cli-firebase' },
  httpsTrigger: {} } 
 Wed Mar 07 2018 14:22:39 GMT+0800 (Taipei Standard Time)
[debug] [2018-03-07T06:22:39.838Z] >>> HTTP REQUEST PATCH https://cloudfunctions.googleapis.com/v1/projects/hpmg-56df3/locations/us-central1/functions/reportCatchupNov1Nov30 
query params: {"updateMask":"sourceArchiveUrl,name,labels,httpsTrigger"} 
 { sourceArchiveUrl: 'gs://staging.hpmg-56df3.appspot.com/firebase-functions-source',
  name: 'projects/hpmg-56df3/locations/us-central1/functions/reportCatchupNov1Nov30',
  labels: { 'deployment-tool': 'cli-firebase' },
  httpsTrigger: {} } 
 Wed Mar 07 2018 14:22:39 GMT+0800 (Taipei Standard Time)
[debug] [2018-03-07T06:22:39.839Z] >>> HTTP REQUEST PATCH https://cloudfunctions.googleapis.com/v1/projects/hpmg-56df3/locations/us-central1/functions/reportCatchupDec1Dec31 
query params: {"updateMask":"sourceArchiveUrl,name,labels,httpsTrigger"} 
 { sourceArchiveUrl: 'gs://staging.hpmg-56df3.appspot.com/firebase-functions-source',
  name: 'projects/hpmg-56df3/locations/us-central1/functions/reportCatchupDec1Dec31',
  labels: { 'deployment-tool': 'cli-firebase' },
  httpsTrigger: {} } 
 Wed Mar 07 2018 14:22:39 GMT+0800 (Taipei Standard Time)
[debug] [2018-03-07T06:22:39.840Z] >>> HTTP REQUEST PATCH https://cloudfunctions.googleapis.com/v1/projects/hpmg-56df3/locations/us-central1/functions/reportCatchupJan1Jan31 
query params: {"updateMask":"sourceArchiveUrl,name,labels,httpsTrigger"} 
 { sourceArchiveUrl: 'gs://staging.hpmg-56df3.appspot.com/firebase-functions-source',
  name: 'projects/hpmg-56df3/locations/us-central1/functions/reportCatchupJan1Jan31',
  labels: { 'deployment-tool': 'cli-firebase' },
  httpsTrigger: {} } 
 Wed Mar 07 2018 14:22:39 GMT+0800 (Taipei Standard Time)
[debug] [2018-03-07T06:22:39.842Z] >>> HTTP REQUEST PATCH https://cloudfunctions.googleapis.com/v1/projects/hpmg-56df3/locations/us-central1/functions/reportCatchupFeb1Feb28 
query params: {"updateMask":"sourceArchiveUrl,name,labels,httpsTrigger"} 
 { sourceArchiveUrl: 'gs://staging.hpmg-56df3.appspot.com/firebase-functions-source',
  name: 'projects/hpmg-56df3/locations/us-central1/functions/reportCatchupFeb1Feb28',
  labels: { 'deployment-tool': 'cli-firebase' },
  httpsTrigger: {} } 
 Wed Mar 07 2018 14:22:39 GMT+0800 (Taipei Standard Time)
[debug] [2018-03-07T06:22:39.842Z] >>> HTTP REQUEST PATCH https://cloudfunctions.googleapis.com/v1/projects/hpmg-56df3/locations/us-central1/functions/reservationReportsReset 
query params: {"updateMask":"sourceArchiveUrl,name,labels,httpsTrigger"} 
 { sourceArchiveUrl: 'gs://staging.hpmg-56df3.appspot.com/firebase-functions-source',
  name: 'projects/hpmg-56df3/locations/us-central1/functions/reservationReportsReset',
  labels: { 'deployment-tool': 'cli-firebase' },
  httpsTrigger: {} } 
 Wed Mar 07 2018 14:22:39 GMT+0800 (Taipei Standard Time)
[debug] [2018-03-07T06:22:40.335Z] <<< HTTP RESPONSE 200
[debug] [2018-03-07T06:22:40.411Z] <<< HTTP RESPONSE 200
[debug] [2018-03-07T06:22:40.462Z] <<< HTTP RESPONSE 200
[debug] [2018-03-07T06:22:40.594Z] <<< HTTP RESPONSE 200
[debug] [2018-03-07T06:22:40.680Z] <<< HTTP RESPONSE 200
[debug] [2018-03-07T06:22:40.744Z] <<< HTTP RESPONSE 200
[debug] [2018-03-07T06:22:40.751Z] <<< HTTP RESPONSE 200
[debug] [2018-03-07T06:22:40.880Z] <<< HTTP RESPONSE 200
[debug] [2018-03-07T06:22:40.952Z] <<< HTTP RESPONSE 200
[debug] [2018-03-07T06:22:41.052Z] <<< HTTP RESPONSE 200
[debug] [2018-03-07T06:22:41.118Z] <<< HTTP RESPONSE 200
[debug] [2018-03-07T06:22:41.229Z] <<< HTTP RESPONSE 200
[debug] [2018-03-07T06:22:41.240Z] <<< HTTP RESPONSE 200
[debug] [2018-03-07T06:22:41.377Z] <<< HTTP RESPONSE 200
[debug] [2018-03-07T06:22:41.378Z] <<< HTTP RESPONSE 200
[debug] [2018-03-07T06:22:41.536Z] <<< HTTP RESPONSE 200
[debug] [2018-03-07T06:22:41.539Z] <<< HTTP RESPONSE 200
[debug] [2018-03-07T06:22:41.712Z] <<< HTTP RESPONSE 200
[debug] [2018-03-07T06:22:41.714Z] <<< HTTP RESPONSE 200
[debug] [2018-03-07T06:22:41.716Z] >>> HTTP REQUEST GET https://cloudfunctions.googleapis.com/v1/projects/hpmg-56df3/locations/us-central1/functions  
  
 Wed Mar 07 2018 14:22:41 GMT+0800 (Taipei Standard Time)
[debug] [2018-03-07T06:22:42.086Z] <<< HTTP RESPONSE 200
[debug] [2018-03-07T06:22:42.090Z] >>> HTTP REQUEST GET https://cloudfunctions.googleapis.com/v1/operations/aHBtZy01NmRmMy91cy1jZW50cmFsMS9maXZlbWludXRlUmVzZXQvdWE5anpUZ0tScGM  
  
 Wed Mar 07 2018 14:22:42 GMT+0800 (Taipei Standard Time)
[debug] [2018-03-07T06:22:42.091Z] >>> HTTP REQUEST GET https://cloudfunctions.googleapis.com/v1/operations/aHBtZy01NmRmMy91cy1jZW50cmFsMS9yZXNlcnZhdGlvblJlcG9ydHMveXN2dmFpbzQ2QVU  
  
 Wed Mar 07 2018 14:22:42 GMT+0800 (Taipei Standard Time)
[debug] [2018-03-07T06:22:42.091Z] >>> HTTP REQUEST GET https://cloudfunctions.googleapis.com/v1/operations/aHBtZy01NmRmMy91cy1jZW50cmFsMS9mb3JVcGRhdGVUb092ZXJhbGwvSmhmaS1TMlJvYjQ  
  
 Wed Mar 07 2018 14:22:42 GMT+0800 (Taipei Standard Time)
[debug] [2018-03-07T06:22:42.092Z] >>> HTTP REQUEST GET https://cloudfunctions.googleapis.com/v1/operations/aHBtZy01NmRmMy91cy1jZW50cmFsMS9nZXREYWlseVJ1bm5pbmdUb3RhbF9MYXduTG90cy9pRXBWOU16VWVHOA  
  
 Wed Mar 07 2018 14:22:42 GMT+0800 (Taipei Standard Time)
[debug] [2018-03-07T06:22:42.092Z] >>> HTTP REQUEST GET https://cloudfunctions.googleapis.com/v1/operations/aHBtZy01NmRmMy91cy1jZW50cmFsMS9nZXREYWlseVJ1bm5pbmdUb3RhbF9XYWxsTmljaGUveHlJU3Bub1pFcW8  
  
 Wed Mar 07 2018 14:22:42 GMT+0800 (Taipei Standard Time)
[debug] [2018-03-07T06:22:42.093Z] >>> HTTP REQUEST GET https://cloudfunctions.googleapis.com/v1/operations/aHBtZy01NmRmMy91cy1jZW50cmFsMS9nZXREYWlseVJ1bm5pbmdUb3RhbF9Cb25lQ2hhbWJlci85UHBpVDZrQzJMQQ  
  
 Wed Mar 07 2018 14:22:42 GMT+0800 (Taipei Standard Time)
[debug] [2018-03-07T06:22:42.093Z] >>> HTTP REQUEST GET https://cloudfunctions.googleapis.com/v1/operations/aHBtZy01NmRmMy91cy1jZW50cmFsMS9nZXREYWlseVJ1bm5pbmdUb3RhbF9DaW5lcmFyaXVtL29LMjFITGFQb05j  
  
 Wed Mar 07 2018 14:22:42 GMT+0800 (Taipei Standard Time)
[debug] [2018-03-07T06:22:42.093Z] >>> HTTP REQUEST GET https://cloudfunctions.googleapis.com/v1/operations/aHBtZy01NmRmMy91cy1jZW50cmFsMS9nZXREYWlseVJ1bm5pbmdUb3RhbF9HYXJkZW5Mb3QvcHdRTTcxX1J5SjA  
  
 Wed Mar 07 2018 14:22:42 GMT+0800 (Taipei Standard Time)
[debug] [2018-03-07T06:22:42.093Z] >>> HTTP REQUEST GET https://cloudfunctions.googleapis.com/v1/operations/aHBtZy01NmRmMy91cy1jZW50cmFsMS9nZXREYWlseVJ1bm5pbmdUb3RhbF9GYW1pbHlMb3QvaWY5UDc3VTJkQms  
  
 Wed Mar 07 2018 14:22:42 GMT+0800 (Taipei Standard Time)
[debug] [2018-03-07T06:22:42.094Z] >>> HTTP REQUEST GET https://cloudfunctions.googleapis.com/v1/operations/aHBtZy01NmRmMy91cy1jZW50cmFsMS9nZXREYWlseVJ1bm5pbmdUb3RhbF9Ub3RhbHMvRllvTDljZEl0blE  
  
 Wed Mar 07 2018 14:22:42 GMT+0800 (Taipei Standard Time)
[debug] [2018-03-07T06:22:42.094Z] >>> HTTP REQUEST GET https://cloudfunctions.googleapis.com/v1/operations/aHBtZy01NmRmMy91cy1jZW50cmFsMS9kYXRhQ2F0Y2h1cExvdFR5cGVTdGF0dXNJbnZlbnRvcmlhYmxlLzJyM1BKdXdaTGdB  
  
 Wed Mar 07 2018 14:22:42 GMT+0800 (Taipei Standard Time)
[debug] [2018-03-07T06:22:42.095Z] >>> HTTP REQUEST GET https://cloudfunctions.googleapis.com/v1/operations/aHBtZy01NmRmMy91cy1jZW50cmFsMS9jb3VudExvdEludmVudG9yaWFibGUvQjc2WGU5bGM4NG8  
  
 Wed Mar 07 2018 14:22:42 GMT+0800 (Taipei Standard Time)
[debug] [2018-03-07T06:22:42.096Z] >>> HTTP REQUEST GET https://cloudfunctions.googleapis.com/v1/operations/aHBtZy01NmRmMy91cy1jZW50cmFsMS9jb3VudExvdEFsbC9EMndBUG1jbm9ncw  
  
 Wed Mar 07 2018 14:22:42 GMT+0800 (Taipei Standard Time)
[debug] [2018-03-07T06:22:42.096Z] >>> HTTP REQUEST GET https://cloudfunctions.googleapis.com/v1/operations/aHBtZy01NmRmMy91cy1jZW50cmFsMS9jb3VudExvdEFsbExvdFR5cGVTdGF0dXNJbnZlbnRvcmlhYmxlL3RkVVBwTVhGM2t3  
  
 Wed Mar 07 2018 14:22:42 GMT+0800 (Taipei Standard Time)
[debug] [2018-03-07T06:22:42.096Z] >>> HTTP REQUEST GET https://cloudfunctions.googleapis.com/v1/operations/aHBtZy01NmRmMy91cy1jZW50cmFsMS9yZXBvcnRDYXRjaHVwTm92MU5vdjMwL2YzWC1sRFhTTmpr  
  
 Wed Mar 07 2018 14:22:42 GMT+0800 (Taipei Standard Time)
[debug] [2018-03-07T06:22:42.097Z] >>> HTTP REQUEST GET https://cloudfunctions.googleapis.com/v1/operations/aHBtZy01NmRmMy91cy1jZW50cmFsMS9yZXBvcnRDYXRjaHVwRGVjMURlYzMxLzJBUWo4YnpGNXRR  
  
 Wed Mar 07 2018 14:22:42 GMT+0800 (Taipei Standard Time)
[debug] [2018-03-07T06:22:42.098Z] >>> HTTP REQUEST GET https://cloudfunctions.googleapis.com/v1/operations/aHBtZy01NmRmMy91cy1jZW50cmFsMS9yZXBvcnRDYXRjaHVwSmFuMUphbjMxL0ZrdkFiWHJjcS00  
  
 Wed Mar 07 2018 14:22:42 GMT+0800 (Taipei Standard Time)
[debug] [2018-03-07T06:22:42.098Z] >>> HTTP REQUEST GET https://cloudfunctions.googleapis.com/v1/operations/aHBtZy01NmRmMy91cy1jZW50cmFsMS9yZXBvcnRDYXRjaHVwRmViMUZlYjI4LzZpN3lrTlg4aklF  
  
 Wed Mar 07 2018 14:22:42 GMT+0800 (Taipei Standard Time)
[debug] [2018-03-07T06:22:42.099Z] >>> HTTP REQUEST GET https://cloudfunctions.googleapis.com/v1/operations/aHBtZy01NmRmMy91cy1jZW50cmFsMS9yZXNlcnZhdGlvblJlcG9ydHNSZXNldC9FWjVGWnRYODNZQQ  
  
 Wed Mar 07 2018 14:22:42 GMT+0800 (Taipei Standard Time)
[debug] [2018-03-07T06:22:42.425Z] <<< HTTP RESPONSE 200
[debug] [2018-03-07T06:22:42.427Z] <<< HTTP RESPONSE 200
[debug] [2018-03-07T06:22:42.428Z] <<< HTTP RESPONSE 200
[debug] [2018-03-07T06:22:42.429Z] <<< HTTP RESPONSE 200
[debug] [2018-03-07T06:22:42.430Z] <<< HTTP RESPONSE 200
[debug] [2018-03-07T06:22:42.431Z] <<< HTTP RESPONSE 200
[debug] [2018-03-07T06:22:42.431Z] <<< HTTP RESPONSE 200
[debug] [2018-03-07T06:22:42.432Z] <<< HTTP RESPONSE 200
[debug] [2018-03-07T06:22:42.586Z] <<< HTTP RESPONSE 200
[debug] [2018-03-07T06:22:42.600Z] <<< HTTP RESPONSE 200
[debug] [2018-03-07T06:22:42.751Z] <<< HTTP RESPONSE 200
[debug] [2018-03-07T06:22:42.752Z] <<< HTTP RESPONSE 200
[debug] [2018-03-07T06:22:42.755Z] <<< HTTP RESPONSE 200
[debug] [2018-03-07T06:22:42.759Z] <<< HTTP RESPONSE 200
[debug] [2018-03-07T06:22:42.908Z] <<< HTTP RESPONSE 200
[debug] [2018-03-07T06:22:42.913Z] <<< HTTP RESPONSE 200
[debug] [2018-03-07T06:22:42.915Z] <<< HTTP RESPONSE 200
[debug] [2018-03-07T06:22:42.918Z] <<< HTTP RESPONSE 200
[debug] [2018-03-07T06:22:42.924Z] <<< HTTP RESPONSE 200
[debug] [2018-03-07T06:22:47.428Z] >>> HTTP REQUEST GET https://cloudfunctions.googleapis.com/v1/operations/aHBtZy01NmRmMy91cy1jZW50cmFsMS9yZXBvcnRDYXRjaHVwRGVjMURlYzMxLzJBUWo4YnpGNXRR  
  
 Wed Mar 07 2018 14:22:47 GMT+0800 (Taipei Standard Time)
[debug] [2018-03-07T06:22:47.429Z] >>> HTTP REQUEST GET https://cloudfunctions.googleapis.com/v1/operations/aHBtZy01NmRmMy91cy1jZW50cmFsMS9nZXREYWlseVJ1bm5pbmdUb3RhbF9Ub3RhbHMvRllvTDljZEl0blE  
  
 Wed Mar 07 2018 14:22:47 GMT+0800 (Taipei Standard Time)
[debug] [2018-03-07T06:22:47.430Z] >>> HTTP REQUEST GET https://cloudfunctions.googleapis.com/v1/operations/aHBtZy01NmRmMy91cy1jZW50cmFsMS9nZXREYWlseVJ1bm5pbmdUb3RhbF9HYXJkZW5Mb3QvcHdRTTcxX1J5SjA  
  
 Wed Mar 07 2018 14:22:47 GMT+0800 (Taipei Standard Time)
[debug] [2018-03-07T06:22:47.430Z] >>> HTTP REQUEST GET https://cloudfunctions.googleapis.com/v1/operations/aHBtZy01NmRmMy91cy1jZW50cmFsMS9yZXNlcnZhdGlvblJlcG9ydHMveXN2dmFpbzQ2QVU  
  
 Wed Mar 07 2018 14:22:47 GMT+0800 (Taipei Standard Time)
[debug] [2018-03-07T06:22:47.431Z] >>> HTTP REQUEST GET https://cloudfunctions.googleapis.com/v1/operations/aHBtZy01NmRmMy91cy1jZW50cmFsMS9kYXRhQ2F0Y2h1cExvdFR5cGVTdGF0dXNJbnZlbnRvcmlhYmxlLzJyM1BKdXdaTGdB  
  
 Wed Mar 07 2018 14:22:47 GMT+0800 (Taipei Standard Time)
[debug] [2018-03-07T06:22:47.432Z] >>> HTTP REQUEST GET https://cloudfunctions.googleapis.com/v1/operations/aHBtZy01NmRmMy91cy1jZW50cmFsMS9nZXREYWlseVJ1bm5pbmdUb3RhbF9MYXduTG90cy9pRXBWOU16VWVHOA  
  
 Wed Mar 07 2018 14:22:47 GMT+0800 (Taipei Standard Time)
[debug] [2018-03-07T06:22:47.442Z] >>> HTTP REQUEST GET https://cloudfunctions.googleapis.com/v1/operations/aHBtZy01NmRmMy91cy1jZW50cmFsMS9jb3VudExvdEFsbC9EMndBUG1jbm9ncw  
  
 Wed Mar 07 2018 14:22:47 GMT+0800 (Taipei Standard Time)
[debug] [2018-03-07T06:22:47.443Z] >>> HTTP REQUEST GET https://cloudfunctions.googleapis.com/v1/operations/aHBtZy01NmRmMy91cy1jZW50cmFsMS9yZXNlcnZhdGlvblJlcG9ydHNSZXNldC9FWjVGWnRYODNZQQ  
  
 Wed Mar 07 2018 14:22:47 GMT+0800 (Taipei Standard Time)
[debug] [2018-03-07T06:22:47.592Z] >>> HTTP REQUEST GET https://cloudfunctions.googleapis.com/v1/operations/aHBtZy01NmRmMy91cy1jZW50cmFsMS9yZXBvcnRDYXRjaHVwTm92MU5vdjMwL2YzWC1sRFhTTmpr  
  
 Wed Mar 07 2018 14:22:47 GMT+0800 (Taipei Standard Time)
[debug] [2018-03-07T06:22:47.608Z] >>> HTTP REQUEST GET https://cloudfunctions.googleapis.com/v1/operations/aHBtZy01NmRmMy91cy1jZW50cmFsMS9nZXREYWlseVJ1bm5pbmdUb3RhbF9XYWxsTmljaGUveHlJU3Bub1pFcW8  
  
 Wed Mar 07 2018 14:22:47 GMT+0800 (Taipei Standard Time)
[debug] [2018-03-07T06:22:47.745Z] <<< HTTP RESPONSE 200
[debug] [2018-03-07T06:22:47.747Z] <<< HTTP RESPONSE 200
[debug] [2018-03-07T06:22:47.750Z] <<< HTTP RESPONSE 200
[debug] [2018-03-07T06:22:47.751Z] <<< HTTP RESPONSE 200
[debug] [2018-03-07T06:22:47.752Z] >>> HTTP REQUEST GET https://cloudfunctions.googleapis.com/v1/operations/aHBtZy01NmRmMy91cy1jZW50cmFsMS9mb3JVcGRhdGVUb092ZXJhbGwvSmhmaS1TMlJvYjQ  
  
 Wed Mar 07 2018 14:22:47 GMT+0800 (Taipei Standard Time)
[debug] [2018-03-07T06:22:47.753Z] >>> HTTP REQUEST GET https://cloudfunctions.googleapis.com/v1/operations/aHBtZy01NmRmMy91cy1jZW50cmFsMS9nZXREYWlseVJ1bm5pbmdUb3RhbF9Cb25lQ2hhbWJlci85UHBpVDZrQzJMQQ  
  
 Wed Mar 07 2018 14:22:47 GMT+0800 (Taipei Standard Time)
[debug] [2018-03-07T06:22:47.755Z] >>> HTTP REQUEST GET https://cloudfunctions.googleapis.com/v1/operations/aHBtZy01NmRmMy91cy1jZW50cmFsMS9yZXBvcnRDYXRjaHVwRmViMUZlYjI4LzZpN3lrTlg4aklF  
  
 Wed Mar 07 2018 14:22:47 GMT+0800 (Taipei Standard Time)
[debug] [2018-03-07T06:22:47.759Z] <<< HTTP RESPONSE 200
[debug] [2018-03-07T06:22:47.759Z] <<< HTTP RESPONSE 200
[debug] [2018-03-07T06:22:47.760Z] >>> HTTP REQUEST GET https://cloudfunctions.googleapis.com/v1/operations/aHBtZy01NmRmMy91cy1jZW50cmFsMS9nZXREYWlseVJ1bm5pbmdUb3RhbF9DaW5lcmFyaXVtL29LMjFITGFQb05j  
  
 Wed Mar 07 2018 14:22:47 GMT+0800 (Taipei Standard Time)
[debug] [2018-03-07T06:22:47.764Z] <<< HTTP RESPONSE 200
[debug] [2018-03-07T06:22:47.767Z] <<< HTTP RESPONSE 200
[debug] [2018-03-07T06:22:47.913Z] >>> HTTP REQUEST GET https://cloudfunctions.googleapis.com/v1/operations/aHBtZy01NmRmMy91cy1jZW50cmFsMS9jb3VudExvdEFsbExvdFR5cGVTdGF0dXNJbnZlbnRvcmlhYmxlL3RkVVBwTVhGM2t3  
  
 Wed Mar 07 2018 14:22:47 GMT+0800 (Taipei Standard Time)
[debug] [2018-03-07T06:22:47.916Z] >>> HTTP REQUEST GET https://cloudfunctions.googleapis.com/v1/operations/aHBtZy01NmRmMy91cy1jZW50cmFsMS9yZXBvcnRDYXRjaHVwSmFuMUphbjMxL0ZrdkFiWHJjcS00  
  
 Wed Mar 07 2018 14:22:47 GMT+0800 (Taipei Standard Time)
[debug] [2018-03-07T06:22:47.917Z] >>> HTTP REQUEST GET https://cloudfunctions.googleapis.com/v1/operations/aHBtZy01NmRmMy91cy1jZW50cmFsMS9maXZlbWludXRlUmVzZXQvdWE5anpUZ0tScGM  
  
 Wed Mar 07 2018 14:22:47 GMT+0800 (Taipei Standard Time)
[debug] [2018-03-07T06:22:47.928Z] >>> HTTP REQUEST GET https://cloudfunctions.googleapis.com/v1/operations/aHBtZy01NmRmMy91cy1jZW50cmFsMS9nZXREYWlseVJ1bm5pbmdUb3RhbF9GYW1pbHlMb3QvaWY5UDc3VTJkQms  
  
 Wed Mar 07 2018 14:22:47 GMT+0800 (Taipei Standard Time)
[debug] [2018-03-07T06:22:47.929Z] >>> HTTP REQUEST GET https://cloudfunctions.googleapis.com/v1/operations/aHBtZy01NmRmMy91cy1jZW50cmFsMS9jb3VudExvdEludmVudG9yaWFibGUvQjc2WGU5bGM4NG8  
  
 Wed Mar 07 2018 14:22:47 GMT+0800 (Taipei Standard Time)
[debug] [2018-03-07T06:22:47.931Z] <<< HTTP RESPONSE 200
[debug] [2018-03-07T06:22:47.938Z] <<< HTTP RESPONSE 200
[debug] [2018-03-07T06:22:48.065Z] <<< HTTP RESPONSE 200
[debug] [2018-03-07T06:22:48.067Z] <<< HTTP RESPONSE 200
[debug] [2018-03-07T06:22:48.068Z] <<< HTTP RESPONSE 200
[debug] [2018-03-07T06:22:48.071Z] <<< HTTP RESPONSE 200
[debug] [2018-03-07T06:22:48.236Z] <<< HTTP RESPONSE 200
[debug] [2018-03-07T06:22:48.238Z] <<< HTTP RESPONSE 200
[debug] [2018-03-07T06:22:48.244Z] <<< HTTP RESPONSE 200
[debug] [2018-03-07T06:22:48.293Z] <<< HTTP RESPONSE 200
[debug] [2018-03-07T06:22:48.398Z] <<< HTTP RESPONSE 200
